2011-05-26 17:40:47,065 - INFO - /test/test.fit		GET	0.00384712219238
2011-06-03 16:29:21,754 - INFO - /		GET	0.0391268730164
2011-06-03 16:29:21,764 - INFO - /fit.css		GET	0.00381898880005
2011-06-03 16:29:50,811 - INFO - /		GET	0.349714040756
2011-06-03 16:29:50,821 - INFO - /fit.css		GET	0.00360083580017
2011-06-03 16:29:56,651 - INFO - /validate/FormData.fit		GET	0.166697025299
2011-06-03 16:29:56,666 - INFO - /fit.css		GET	0.00385999679565
2011-06-03 16:30:06,209 - INFO - /validate/trans-basic.fit		GET	0.155281066895
2011-06-03 16:30:06,226 - INFO - /fit.css		GET	0.00385117530823
2011-06-03 16:30:12,863 - INFO - /validate/bag-5.fit		GET	0.155422925949
2011-06-03 16:30:12,875 - INFO - /fit.css		GET	0.00382995605469
2011-06-03 16:30:18,930 - INFO - /validate/bag-6.fit		GET	0.157149076462
2011-06-03 16:30:18,943 - INFO - /fit.css		GET	0.00379300117493
2011-06-03 19:40:39,014 - INFO - /		GET	0.38892698288
2011-06-03 19:40:39,023 - INFO - /fit.css		GET	0.00254201889038
2011-06-06 16:29:56,187 - INFO - /		GET	0.353193044662
2011-06-06 16:29:56,196 - INFO - /fit.css		GET	0.00254392623901
2011-06-10 13:15:29,019 - INFO - /		GET	0.408405065536
2011-06-10 13:15:29,045 - INFO - /fit.css		GET	0.00310397148132
2011-06-10 16:32:11,009 - INFO - /		GET	0.327493906021
2011-06-10 16:32:11,019 - INFO - /fit.css		GET	0.00271201133728
2011-06-10 16:34:43,924 - INFO - /		GET	0.326107978821
2011-06-10 16:34:43,933 - INFO - /fit.css		GET	0.00258493423462
2011-06-10 16:34:49,005 - INFO - /validate/never.fit		GET	0.152149915695
2011-06-10 16:34:49,017 - INFO - /fit.css		GET	0.0028510093689
2011-06-10 16:34:52,229 - INFO - /validate/ComplexDef.fit		GET	0.151517152786
2011-06-10 16:34:52,240 - INFO - /fit.css		GET	0.00288105010986
2011-06-11 13:41:20,150 - INFO - /		GET	0.335116863251
2011-06-11 13:41:20,160 - INFO - /fit.css		GET	0.00281500816345
2011-06-11 13:41:22,093 - INFO - /commands/json2.fit		GET	0.0789430141449
2011-06-11 13:41:22,115 - INFO - /fit.css		GET	0.00265502929688
2011-06-14 17:20:50,178 - INFO - /commands/json2.fit		GET	0.0835289955139
2011-06-14 17:20:50,217 - INFO - /fit.css		GET	0.0220808982849
2011-06-15 01:59:20,343 - INFO - /commands/json2.fit		GET	0.0835130214691
2011-06-15 01:59:20,386 - INFO - /fit.css		GET	0.0262188911438
2011-06-21 14:27:40,438 - INFO - /commands/json2.fit		GET	0.0913219451904
2011-06-21 14:27:40,489 - INFO - /fit.css		GET	0.0224721431732
2011-06-21 14:27:41,761 - INFO - /		GET	0.346977949142
2011-06-21 14:27:41,772 - INFO - /fit.css		GET	0.00310492515564
2011-06-21 14:27:43,504 - INFO - /commands/exception.fit		GET	0.0822081565857
2011-06-21 14:27:43,515 - INFO - /fit.css		GET	0.00294184684753
2011-06-21 15:46:37,281 - INFO - /		GET	0.333144903183
2011-06-21 15:46:37,292 - INFO - /fit.css		GET	0.00262308120728
2011-06-21 15:46:40,124 - INFO - /validate/minmax.fit		GET	0.150224924088
2011-06-21 15:46:40,134 - INFO - /fit.css		GET	0.00259709358215
2011-06-21 15:46:44,730 - INFO - /validate/ComplexDef.fit		GET	0.14950299263
2011-06-21 15:46:44,741 - INFO - /fit.css		GET	0.00263381004333
2011-06-21 15:46:52,009 - INFO - /validate/never.fit		GET	0.149647951126
2011-06-21 15:46:52,020 - INFO - /fit.css		GET	0.00262522697449
2011-06-23 15:27:33,569 - INFO - /		GET	0.398015975952
2011-06-23 15:27:33,602 - INFO - /fit.css		GET	0.0139708518982
2011-07-05 14:34:33,271 - INFO - /		GET	0.0943419933319
2011-07-05 14:43:53,993 - INFO - /		GET	0.00412201881409
2011-07-05 14:44:14,158 - INFO - /		GET	0.0156850814819
2011-07-05 14:45:00,101 - INFO - /		GET	0.0774130821228
2011-07-05 14:48:27,851 - INFO - /		GET	0.334201097488
2011-07-05 14:48:27,877 - INFO - /fit.css		GET	0.0113339424133
2011-07-05 14:48:30,452 - INFO - /template/template-01.fit		GET	0.0290248394012
2011-07-05 14:48:30,465 - INFO - /fit.css		GET	0.00264692306519
2011-07-05 14:50:17,147 - INFO - /template/template-01.fit		GET	0.02783203125
2011-07-05 14:50:17,157 - INFO - /fit.css		GET	0.0025520324707
2011-07-05 14:50:20,700 - INFO - /		GET	0.331778049469
2011-07-05 14:50:20,721 - INFO - /fit.css		GET	0.00266599655151
2011-07-06 15:58:33,961 - INFO - /		GET	0.342241048813
2011-07-06 15:58:34,007 - INFO - /fit.css		GET	0.0098991394043
2011-07-06 15:58:35,543 - INFO - /template/template-01.fit		GET	0.0289618968964
2011-07-06 15:58:35,557 - INFO - /fit.css		GET	0.00259304046631
2011-07-06 16:03:26,115 - INFO - /		GET	0.436272144318
2011-07-06 16:03:26,128 - INFO - /fit.css		GET	0.00258207321167
2011-07-06 16:03:27,381 - INFO - /template/template-01.fit		GET	0.0308408737183
2011-07-06 16:03:27,394 - INFO - /fit.css		GET	0.0026068687439
2011-07-06 16:05:25,526 - INFO - /template/template-01.fit		GET	0.0293719768524
2011-07-06 16:05:25,544 - INFO - /fit.css		GET	0.00254392623901
2011-07-06 16:05:28,008 - INFO - /		GET	0.332332134247
2011-07-06 16:05:28,021 - INFO - /fit.css		GET	0.00259494781494
2011-07-06 16:05:29,388 - INFO - /template/template-02.fit		GET	0.0278260707855
2011-07-06 16:05:29,404 - INFO - /fit.css		GET	0.00258803367615
2011-07-06 16:07:01,694 - INFO - /template/template-02.fit		GET	0.0292589664459
2011-07-06 16:07:01,704 - INFO - /fit.css		GET	0.00255012512207
2011-07-06 16:07:06,115 - INFO - /		GET	0.341125011444
2011-07-06 16:07:06,131 - INFO - /fit.css		GET	0.00299000740051
2011-07-15 15:04:01,385 - INFO - /		GET	0.0938699245453
2011-07-15 15:05:24,204 - INFO - /		GET	0.33238697052
2011-07-15 15:05:24,216 - INFO - /fit.css		GET	0.00256609916687
2011-07-15 15:05:26,906 - INFO - /commands/exception.fit		GET	0.082957983017
2011-07-15 15:05:26,916 - INFO - /fit.css		GET	0.00254702568054
2011-07-15 15:24:40,729 - INFO - /commands/exception.fit		GET	0.0840349197388
2011-07-15 15:24:40,740 - INFO - /fit.css		GET	0.00256705284119
2011-07-15 15:24:43,500 - INFO - /		GET	0.333030939102
2011-07-15 15:24:43,528 - INFO - /fit.css		GET	0.00267696380615
2011-07-15 15:24:45,613 - INFO - /validate/minmax.fit		GET	0.149966955185
2011-07-15 15:24:45,625 - INFO - /fit.css		GET	0.00290489196777
2011-07-15 15:25:11,373 - INFO - /validate/bag-4.fit		GET	0.149696111679
2011-07-15 15:25:11,388 - INFO - /fit.css		GET	0.00261688232422
2011-07-15 15:54:35,141 - INFO - /validate/bag-4.fit		GET	0.152326107025
2011-07-15 15:54:35,151 - INFO - /fit.css		GET	0.00256395339966
2011-07-15 15:54:37,428 - INFO - /		GET	0.333972930908
2011-07-15 15:54:37,446 - INFO - /fit.css		GET	0.00281810760498
2011-07-15 15:54:40,068 - INFO - /validate/ComplexDef.fit		GET	0.150016069412
2011-07-15 15:54:40,080 - INFO - /fit.css		GET	0.00265097618103
2011-08-04 13:15:00,387 - INFO - /validate/ComplexDef.fit		GET	0.150924921036
2011-08-04 13:15:00,400 - INFO - /fit.css		GET	0.00264501571655
2011-08-04 13:15:04,942 - INFO - /		GET	0.330652952194
2011-08-04 13:15:04,956 - INFO - /fit.css		GET	0.00293207168579
2011-09-13 13:38:07,046 - INFO - /		GET	0.0105628967285
2011-09-13 13:38:07,205 - INFO - /fit.css		GET	0.00266003608704
2011-09-13 13:38:29,847 - INFO - /		GET	0.0102028846741
2011-09-13 13:38:29,862 - INFO - /fit.css		GET	0.003005027771
2011-09-13 13:38:55,137 - INFO - /		GET	0.0102939605713
2011-09-13 13:38:55,152 - INFO - /fit.css		GET	0.00288009643555
2011-09-13 13:39:08,248 - INFO - /		GET	0.352354049683
2011-09-13 13:39:08,262 - INFO - /fit.css		GET	0.00258493423462
2011-09-13 13:39:10,636 - INFO - /misc/file.fit		GET	0.1100730896
2011-09-13 13:39:10,646 - INFO - /fit.css		GET	0.0025851726532
2011-09-13 13:53:52,377 - INFO - /misc/file.fit		GET	0.0921502113342
2011-09-13 13:53:52,387 - INFO - /fit.css		GET	0.00257396697998
2011-09-13 13:53:54,610 - INFO - /		GET	0.343346118927
2011-09-13 13:53:54,623 - INFO - /fit.css		GET	0.00260305404663
2011-09-13 13:53:56,823 - INFO - /commands/builtin.fit		GET	0.0806241035461
2011-09-13 13:53:56,839 - INFO - /fit.css		GET	0.00271201133728
2011-09-13 13:56:10,091 - INFO - /		GET	0.343723058701
2011-09-13 13:56:10,103 - INFO - /fit.css		GET	0.00257205963135
2011-09-13 13:56:11,782 - INFO - /commands/builtin.fit		GET	0.0824820995331
2011-09-13 13:56:11,800 - INFO - /fit.css		GET	0.00270295143127
2011-09-13 13:56:17,141 - INFO - /commands/builtin.fit		GET	0.0812969207764
2011-09-13 13:56:17,152 - INFO - /fit.css		GET	0.00254106521606
2011-09-13 13:57:45,471 - INFO - /commands/builtin.fit		GET	0.0957169532776
2011-09-13 13:57:45,481 - INFO - /fit.css		GET	0.00254702568054
2011-09-13 13:57:47,465 - INFO - /		GET	0.347043991089
2011-09-13 13:57:47,479 - INFO - /fit.css		GET	0.00263905525208
